{"/Users/databunker/develop/Uni-3rd/SoftwareQuality/340CT-CourseWork/sareenv/modules/order.js": {"path":"/Users/databunker/develop/Uni-3rd/SoftwareQuality/340CT-CourseWork/sareenv/modules/order.js","statementMap":{"0":{"start":{"line":5,"column":2},"end":{"line":5,"column":26}},"1":{"start":{"line":6,"column":2},"end":{"line":6,"column":49}},"2":{"start":{"line":10,"column":2},"end":{"line":10,"column":72}},"3":{"start":{"line":10,"column":33},"end":{"line":10,"column":72}},"4":{"start":{"line":11,"column":2},"end":{"line":11,"column":73}},"5":{"start":{"line":11,"column":34},"end":{"line":11,"column":73}},"6":{"start":{"line":12,"column":2},"end":{"line":12,"column":74}},"7":{"start":{"line":12,"column":35},"end":{"line":12,"column":74}},"8":{"start":{"line":13,"column":22},"end":{"line":13,"column":53}},"9":{"start":{"line":14,"column":18},"end":{"line":14,"column":106}},"10":{"start":{"line":15,"column":19},"end":{"line":15,"column":59}},"11":{"start":{"line":16,"column":2},"end":{"line":16,"column":55}},"12":{"start":{"line":20,"column":2},"end":{"line":20,"column":105}},"13":{"start":{"line":20,"column":44},"end":{"line":20,"column":105}},"14":{"start":{"line":21,"column":24},"end":{"line":21,"column":77}},"15":{"start":{"line":22,"column":2},"end":{"line":22,"column":22}},"16":{"start":{"line":26,"column":2},"end":{"line":26,"column":104}},"17":{"start":{"line":26,"column":44},"end":{"line":26,"column":104}},"18":{"start":{"line":27,"column":2},"end":{"line":27,"column":98}},"19":{"start":{"line":27,"column":50},"end":{"line":27,"column":98}},"20":{"start":{"line":28,"column":16},"end":{"line":28,"column":61}},"21":{"start":{"line":29,"column":21},"end":{"line":29,"column":36}},"22":{"start":{"line":30,"column":2},"end":{"line":33,"column":3}},"23":{"start":{"line":31,"column":3},"end":{"line":31,"column":79}},"24":{"start":{"line":32,"column":3},"end":{"line":32,"column":14}},"25":{"start":{"line":34,"column":2},"end":{"line":34,"column":14}},"26":{"start":{"line":38,"column":0},"end":{"line":38,"column":22}}},"fnMap":{"0":{"name":"(anonymous_0)","decl":{"start":{"line":4,"column":1},"end":{"line":4,"column":2}},"loc":{"start":{"line":4,"column":23},"end":{"line":7,"column":2}},"line":4},"1":{"name":"(anonymous_1)","decl":{"start":{"line":9,"column":1},"end":{"line":9,"column":2}},"loc":{"start":{"line":9,"column":52},"end":{"line":17,"column":2}},"line":9},"2":{"name":"(anonymous_2)","decl":{"start":{"line":19,"column":1},"end":{"line":19,"column":2}},"loc":{"start":{"line":19,"column":33},"end":{"line":23,"column":2}},"line":19},"3":{"name":"(anonymous_3)","decl":{"start":{"line":25,"column":1},"end":{"line":25,"column":2}},"loc":{"start":{"line":25,"column":50},"end":{"line":35,"column":2}},"line":25}},"branchMap":{"0":{"loc":{"start":{"line":10,"column":2},"end":{"line":10,"column":72}},"type":"if","locations":[{"start":{"line":10,"column":2},"end":{"line":10,"column":72}},{"start":{"line":10,"column":2},"end":{"line":10,"column":72}}],"line":10},"1":{"loc":{"start":{"line":11,"column":2},"end":{"line":11,"column":73}},"type":"if","locations":[{"start":{"line":11,"column":2},"end":{"line":11,"column":73}},{"start":{"line":11,"column":2},"end":{"line":11,"column":73}}],"line":11},"2":{"loc":{"start":{"line":12,"column":2},"end":{"line":12,"column":74}},"type":"if","locations":[{"start":{"line":12,"column":2},"end":{"line":12,"column":74}},{"start":{"line":12,"column":2},"end":{"line":12,"column":74}}],"line":12},"3":{"loc":{"start":{"line":20,"column":2},"end":{"line":20,"column":105}},"type":"if","locations":[{"start":{"line":20,"column":2},"end":{"line":20,"column":105}},{"start":{"line":20,"column":2},"end":{"line":20,"column":105}}],"line":20},"4":{"loc":{"start":{"line":26,"column":2},"end":{"line":26,"column":104}},"type":"if","locations":[{"start":{"line":26,"column":2},"end":{"line":26,"column":104}},{"start":{"line":26,"column":2},"end":{"line":26,"column":104}}],"line":26},"5":{"loc":{"start":{"line":27,"column":2},"end":{"line":27,"column":98}},"type":"if","locations":[{"start":{"line":27,"column":2},"end":{"line":27,"column":98}},{"start":{"line":27,"column":2},"end":{"line":27,"column":98}}],"line":27},"6":{"loc":{"start":{"line":27,"column":5},"end":{"line":27,"column":48}},"type":"binary-expr","locations":[{"start":{"line":27,"column":5},"end":{"line":27,"column":26}},{"start":{"line":27,"column":30},"end":{"line":27,"column":48}}],"line":27},"7":{"loc":{"start":{"line":30,"column":2},"end":{"line":33,"column":3}},"type":"if","locations":[{"start":{"line":30,"column":2},"end":{"line":33,"column":3}},{"start":{"line":30,"column":2},"end":{"line":33,"column":3}}],"line":30}},"s":{"0":11,"1":11,"2":4,"3":1,"4":3,"5":1,"6":2,"7":1,"8":1,"9":1,"10":1,"11":1,"12":2,"13":1,"14":1,"15":1,"16":5,"17":1,"18":4,"19":2,"20":2,"21":2,"22":2,"23":1,"24":1,"25":1,"26":2},"f":{"0":11,"1":4,"2":2,"3":5},"b":{"0":[1,3],"1":[1,2],"2":[1,1],"3":[1,1],"4":[1,4],"5":[2,2],"6":[4,3],"7":[1,1]},"_coverageSchema":"43e27e138ebf9cfc5966b082cf9a028302ed4184","hash":"697cf8e4849341c5c5d0cfb4e71c42f234563d62"}
,"/Users/databunker/develop/Uni-3rd/SoftwareQuality/340CT-CourseWork/sareenv/modules/staff.js": {"path":"/Users/databunker/develop/Uni-3rd/SoftwareQuality/340CT-CourseWork/sareenv/modules/staff.js","statementMap":{"0":{"start":{"line":4,"column":15},"end":{"line":4,"column":40}},"1":{"start":{"line":5,"column":19},"end":{"line":5,"column":21}},"2":{"start":{"line":6,"column":26},"end":{"line":6,"column":27}},"3":{"start":{"line":10,"column":2},"end":{"line":10,"column":26}},"4":{"start":{"line":11,"column":2},"end":{"line":11,"column":53}},"5":{"start":{"line":15,"column":2},"end":{"line":17,"column":3}},"6":{"start":{"line":16,"column":3},"end":{"line":16,"column":14}},"7":{"start":{"line":18,"column":2},"end":{"line":18,"column":14}},"8":{"start":{"line":23,"column":22},"end":{"line":23,"column":70}},"9":{"start":{"line":24,"column":25},"end":{"line":24,"column":76}},"10":{"start":{"line":25,"column":2},"end":{"line":25,"column":60}},"11":{"start":{"line":25,"column":30},"end":{"line":25,"column":60}},"12":{"start":{"line":26,"column":2},"end":{"line":26,"column":74}},"13":{"start":{"line":26,"column":42},"end":{"line":26,"column":74}},"14":{"start":{"line":27,"column":2},"end":{"line":27,"column":79}},"15":{"start":{"line":27,"column":45},"end":{"line":27,"column":79}},"16":{"start":{"line":28,"column":23},"end":{"line":28,"column":74}},"17":{"start":{"line":29,"column":2},"end":{"line":29,"column":65}},"18":{"start":{"line":29,"column":28},"end":{"line":29,"column":65}},"19":{"start":{"line":30,"column":25},"end":{"line":30,"column":64}},"20":{"start":{"line":31,"column":2},"end":{"line":31,"column":79}},"21":{"start":{"line":32,"column":2},"end":{"line":32,"column":13}},"22":{"start":{"line":36,"column":2},"end":{"line":36,"column":85}},"23":{"start":{"line":36,"column":55},"end":{"line":36,"column":85}},"24":{"start":{"line":37,"column":15},"end":{"line":37,"column":56}},"25":{"start":{"line":38,"column":2},"end":{"line":38,"column":48}},"26":{"start":{"line":38,"column":20},"end":{"line":38,"column":48}},"27":{"start":{"line":39,"column":17},"end":{"line":39,"column":68}},"28":{"start":{"line":40,"column":2},"end":{"line":40,"column":15}},"29":{"start":{"line":44,"column":2},"end":{"line":44,"column":96}},"30":{"start":{"line":44,"column":61},"end":{"line":44,"column":96}},"31":{"start":{"line":45,"column":17},"end":{"line":45,"column":58}},"32":{"start":{"line":46,"column":2},"end":{"line":46,"column":57}},"33":{"start":{"line":46,"column":23},"end":{"line":46,"column":57}},"34":{"start":{"line":47,"column":2},"end":{"line":47,"column":26}},"35":{"start":{"line":51,"column":0},"end":{"line":51,"column":22}}},"fnMap":{"0":{"name":"(anonymous_0)","decl":{"start":{"line":9,"column":1},"end":{"line":9,"column":2}},"loc":{"start":{"line":9,"column":23},"end":{"line":12,"column":2}},"line":9},"1":{"name":"(anonymous_1)","decl":{"start":{"line":14,"column":1},"end":{"line":14,"column":2}},"loc":{"start":{"line":14,"column":48},"end":{"line":19,"column":2}},"line":14},"2":{"name":"(anonymous_2)","decl":{"start":{"line":22,"column":1},"end":{"line":22,"column":2}},"loc":{"start":{"line":22,"column":58},"end":{"line":33,"column":2}},"line":22},"3":{"name":"(anonymous_3)","decl":{"start":{"line":35,"column":1},"end":{"line":35,"column":2}},"loc":{"start":{"line":35,"column":33},"end":{"line":41,"column":2}},"line":35},"4":{"name":"(anonymous_4)","decl":{"start":{"line":43,"column":1},"end":{"line":43,"column":2}},"loc":{"start":{"line":43,"column":34},"end":{"line":48,"column":2}},"line":43}},"branchMap":{"0":{"loc":{"start":{"line":15,"column":2},"end":{"line":17,"column":3}},"type":"if","locations":[{"start":{"line":15,"column":2},"end":{"line":17,"column":3}},{"start":{"line":15,"column":2},"end":{"line":17,"column":3}}],"line":15},"1":{"loc":{"start":{"line":15,"column":5},"end":{"line":15,"column":75}},"type":"binary-expr","locations":[{"start":{"line":15,"column":5},"end":{"line":15,"column":27}},{"start":{"line":15,"column":31},"end":{"line":15,"column":53}},{"start":{"line":15,"column":57},"end":{"line":15,"column":75}}],"line":15},"2":{"loc":{"start":{"line":25,"column":2},"end":{"line":25,"column":60}},"type":"if","locations":[{"start":{"line":25,"column":2},"end":{"line":25,"column":60}},{"start":{"line":25,"column":2},"end":{"line":25,"column":60}}],"line":25},"3":{"loc":{"start":{"line":26,"column":2},"end":{"line":26,"column":74}},"type":"if","locations":[{"start":{"line":26,"column":2},"end":{"line":26,"column":74}},{"start":{"line":26,"column":2},"end":{"line":26,"column":74}}],"line":26},"4":{"loc":{"start":{"line":27,"column":2},"end":{"line":27,"column":79}},"type":"if","locations":[{"start":{"line":27,"column":2},"end":{"line":27,"column":79}},{"start":{"line":27,"column":2},"end":{"line":27,"column":79}}],"line":27},"5":{"loc":{"start":{"line":29,"column":2},"end":{"line":29,"column":65}},"type":"if","locations":[{"start":{"line":29,"column":2},"end":{"line":29,"column":65}},{"start":{"line":29,"column":2},"end":{"line":29,"column":65}}],"line":29},"6":{"loc":{"start":{"line":36,"column":2},"end":{"line":36,"column":85}},"type":"if","locations":[{"start":{"line":36,"column":2},"end":{"line":36,"column":85}},{"start":{"line":36,"column":2},"end":{"line":36,"column":85}}],"line":36},"7":{"loc":{"start":{"line":36,"column":5},"end":{"line":36,"column":53}},"type":"binary-expr","locations":[{"start":{"line":36,"column":5},"end":{"line":36,"column":27}},{"start":{"line":36,"column":31},"end":{"line":36,"column":53}}],"line":36},"8":{"loc":{"start":{"line":38,"column":2},"end":{"line":38,"column":48}},"type":"if","locations":[{"start":{"line":38,"column":2},"end":{"line":38,"column":48}},{"start":{"line":38,"column":2},"end":{"line":38,"column":48}}],"line":38},"9":{"loc":{"start":{"line":44,"column":2},"end":{"line":44,"column":96}},"type":"if","locations":[{"start":{"line":44,"column":2},"end":{"line":44,"column":96}},{"start":{"line":44,"column":2},"end":{"line":44,"column":96}}],"line":44},"10":{"loc":{"start":{"line":44,"column":5},"end":{"line":44,"column":59}},"type":"binary-expr","locations":[{"start":{"line":44,"column":5},"end":{"line":44,"column":26}},{"start":{"line":44,"column":30},"end":{"line":44,"column":59}}],"line":44},"11":{"loc":{"start":{"line":46,"column":2},"end":{"line":46,"column":57}},"type":"if","locations":[{"start":{"line":46,"column":2},"end":{"line":46,"column":57}},{"start":{"line":46,"column":2},"end":{"line":46,"column":57}}],"line":46}},"s":{"0":2,"1":2,"2":2,"3":11,"4":11,"5":7,"6":3,"7":4,"8":7,"9":7,"10":7,"11":3,"12":4,"13":1,"14":3,"15":1,"16":2,"17":2,"18":1,"19":1,"20":1,"21":1,"22":4,"23":2,"24":2,"25":2,"26":1,"27":1,"28":1,"29":0,"30":0,"31":0,"32":0,"33":0,"34":0,"35":2},"f":{"0":11,"1":7,"2":7,"3":4,"4":0},"b":{"0":[3,4],"1":[7,6,5],"2":[3,4],"3":[1,3],"4":[1,2],"5":[1,1],"6":[2,2],"7":[4,3],"8":[1,1],"9":[0,0],"10":[0,0],"11":[0,0]},"_coverageSchema":"43e27e138ebf9cfc5966b082cf9a028302ed4184","hash":"83cb0bc23693d560cc820921e4c243163a69c61f"}
}
