{"/Users/databunker/develop/Uni-3rd/SoftwareQuality/340CT-CourseWork/back-end/Helpers/checker.js": {"path":"/Users/databunker/develop/Uni-3rd/SoftwareQuality/340CT-CourseWork/back-end/Helpers/checker.js","statementMap":{"0":{"start":{"line":5,"column":1},"end":{"line":7,"column":2}},"1":{"start":{"line":6,"column":2},"end":{"line":6,"column":41}},"2":{"start":{"line":6,"column":30},"end":{"line":6,"column":41}},"3":{"start":{"line":8,"column":1},"end":{"line":8,"column":13}},"4":{"start":{"line":12,"column":1},"end":{"line":12,"column":44}},"5":{"start":{"line":12,"column":32},"end":{"line":12,"column":44}},"6":{"start":{"line":14,"column":1},"end":{"line":16,"column":2}},"7":{"start":{"line":15,"column":2},"end":{"line":15,"column":39}},"8":{"start":{"line":15,"column":28},"end":{"line":15,"column":39}},"9":{"start":{"line":17,"column":1},"end":{"line":17,"column":13}},"10":{"start":{"line":21,"column":16},"end":{"line":21,"column":33}},"11":{"start":{"line":22,"column":1},"end":{"line":22,"column":32}},"12":{"start":{"line":22,"column":20},"end":{"line":22,"column":32}},"13":{"start":{"line":23,"column":1},"end":{"line":23,"column":14}},"14":{"start":{"line":27,"column":20},"end":{"line":27,"column":43}},"15":{"start":{"line":28,"column":1},"end":{"line":28,"column":38}},"16":{"start":{"line":28,"column":26},"end":{"line":28,"column":38}},"17":{"start":{"line":29,"column":1},"end":{"line":29,"column":12}},"18":{"start":{"line":32,"column":0},"end":{"line":32,"column":73}}},"fnMap":{"0":{"name":"checkUndefinedValues","decl":{"start":{"line":3,"column":9},"end":{"line":3,"column":29}},"loc":{"start":{"line":3,"column":41},"end":{"line":9,"column":1}},"line":3},"1":{"name":"checkMissingValues","decl":{"start":{"line":11,"column":9},"end":{"line":11,"column":27}},"loc":{"start":{"line":11,"column":39},"end":{"line":18,"column":1}},"line":11},"2":{"name":"isParsableDouble","decl":{"start":{"line":20,"column":9},"end":{"line":20,"column":25}},"loc":{"start":{"line":20,"column":33},"end":{"line":24,"column":1}},"line":20},"3":{"name":"checkPrice","decl":{"start":{"line":26,"column":9},"end":{"line":26,"column":19}},"loc":{"start":{"line":26,"column":27},"end":{"line":30,"column":1}},"line":26}},"branchMap":{"0":{"loc":{"start":{"line":6,"column":2},"end":{"line":6,"column":41}},"type":"if","locations":[{"start":{"line":6,"column":2},"end":{"line":6,"column":41}},{"start":{"line":6,"column":2},"end":{"line":6,"column":41}}],"line":6},"1":{"loc":{"start":{"line":12,"column":1},"end":{"line":12,"column":44}},"type":"if","locations":[{"start":{"line":12,"column":1},"end":{"line":12,"column":44}},{"start":{"line":12,"column":1},"end":{"line":12,"column":44}}],"line":12},"2":{"loc":{"start":{"line":15,"column":2},"end":{"line":15,"column":39}},"type":"if","locations":[{"start":{"line":15,"column":2},"end":{"line":15,"column":39}},{"start":{"line":15,"column":2},"end":{"line":15,"column":39}}],"line":15},"3":{"loc":{"start":{"line":22,"column":1},"end":{"line":22,"column":32}},"type":"if","locations":[{"start":{"line":22,"column":1},"end":{"line":22,"column":32}},{"start":{"line":22,"column":1},"end":{"line":22,"column":32}}],"line":22},"4":{"loc":{"start":{"line":28,"column":1},"end":{"line":28,"column":38}},"type":"if","locations":[{"start":{"line":28,"column":1},"end":{"line":28,"column":38}},{"start":{"line":28,"column":1},"end":{"line":28,"column":38}}],"line":28}},"s":{"0":29,"1":47,"2":10,"3":19,"4":20,"5":3,"6":17,"7":23,"8":5,"9":12,"10":7,"11":7,"12":3,"13":4,"14":7,"15":7,"16":3,"17":4,"18":10},"f":{"0":29,"1":20,"2":7,"3":7},"b":{"0":[10,37],"1":[3,17],"2":[5,18],"3":[3,4],"4":[3,4]},"_coverageSchema":"43e27e138ebf9cfc5966b082cf9a028302ed4184","hash":"49db345265f2d9edb095d651eb8481152a11d296"}
,"/Users/databunker/develop/Uni-3rd/SoftwareQuality/340CT-CourseWork/back-end/modules/admin.js": {"path":"/Users/databunker/develop/Uni-3rd/SoftwareQuality/340CT-CourseWork/back-end/modules/admin.js","statementMap":{"0":{"start":{"line":3,"column":63},"end":{"line":3,"column":92}},"1":{"start":{"line":4,"column":15},"end":{"line":4,"column":40}},"2":{"start":{"line":8,"column":2},"end":{"line":8,"column":26}},"3":{"start":{"line":9,"column":2},"end":{"line":9,"column":51}},"4":{"start":{"line":10,"column":2},"end":{"line":10,"column":63}},"5":{"start":{"line":14,"column":2},"end":{"line":14,"column":74}},"6":{"start":{"line":14,"column":62},"end":{"line":14,"column":74}},"7":{"start":{"line":15,"column":2},"end":{"line":15,"column":70}},"8":{"start":{"line":15,"column":58},"end":{"line":15,"column":70}},"9":{"start":{"line":16,"column":2},"end":{"line":16,"column":13}},"10":{"start":{"line":20,"column":19},"end":{"line":20,"column":64}},"11":{"start":{"line":21,"column":2},"end":{"line":21,"column":35}},"12":{"start":{"line":21,"column":24},"end":{"line":21,"column":35}},"13":{"start":{"line":22,"column":2},"end":{"line":22,"column":14}},"14":{"start":{"line":26,"column":2},"end":{"line":26,"column":102}},"15":{"start":{"line":26,"column":68},"end":{"line":26,"column":102}},"16":{"start":{"line":27,"column":2},"end":{"line":27,"column":70}},"17":{"start":{"line":27,"column":38},"end":{"line":27,"column":70}},"18":{"start":{"line":28,"column":23},"end":{"line":28,"column":65}},"19":{"start":{"line":29,"column":2},"end":{"line":29,"column":76}},"20":{"start":{"line":29,"column":29},"end":{"line":29,"column":76}},"21":{"start":{"line":30,"column":2},"end":{"line":30,"column":90}},"22":{"start":{"line":31,"column":2},"end":{"line":31,"column":13}},"23":{"start":{"line":35,"column":20},"end":{"line":35,"column":64}},"24":{"start":{"line":36,"column":2},"end":{"line":36,"column":18}},"25":{"start":{"line":40,"column":26},"end":{"line":40,"column":71}},"26":{"start":{"line":41,"column":2},"end":{"line":41,"column":67}},"27":{"start":{"line":41,"column":31},"end":{"line":41,"column":67}},"28":{"start":{"line":42,"column":24},"end":{"line":42,"column":56}},"29":{"start":{"line":43,"column":2},"end":{"line":43,"column":63}},"30":{"start":{"line":43,"column":29},"end":{"line":43,"column":63}},"31":{"start":{"line":44,"column":25},"end":{"line":44,"column":46}},"32":{"start":{"line":45,"column":2},"end":{"line":45,"column":65}},"33":{"start":{"line":45,"column":31},"end":{"line":45,"column":65}},"34":{"start":{"line":46,"column":24},"end":{"line":46,"column":68}},"35":{"start":{"line":47,"column":2},"end":{"line":47,"column":71}},"36":{"start":{"line":47,"column":29},"end":{"line":47,"column":71}},"37":{"start":{"line":48,"column":2},"end":{"line":48,"column":108}},"38":{"start":{"line":49,"column":2},"end":{"line":49,"column":13}},"39":{"start":{"line":53,"column":26},"end":{"line":53,"column":66}},"40":{"start":{"line":54,"column":2},"end":{"line":54,"column":71}},"41":{"start":{"line":54,"column":31},"end":{"line":54,"column":71}},"42":{"start":{"line":55,"column":24},"end":{"line":55,"column":62}},"43":{"start":{"line":56,"column":2},"end":{"line":56,"column":63}},"44":{"start":{"line":56,"column":29},"end":{"line":56,"column":63}},"45":{"start":{"line":57,"column":16},"end":{"line":57,"column":77}},"46":{"start":{"line":58,"column":2},"end":{"line":58,"column":64}},"47":{"start":{"line":58,"column":21},"end":{"line":58,"column":64}},"48":{"start":{"line":59,"column":22},"end":{"line":59,"column":62}},"49":{"start":{"line":60,"column":2},"end":{"line":60,"column":20}},"50":{"start":{"line":65,"column":0},"end":{"line":65,"column":22}}},"fnMap":{"0":{"name":"(anonymous_0)","decl":{"start":{"line":7,"column":1},"end":{"line":7,"column":2}},"loc":{"start":{"line":7,"column":23},"end":{"line":11,"column":2}},"line":7},"1":{"name":"(anonymous_1)","decl":{"start":{"line":13,"column":1},"end":{"line":13,"column":2}},"loc":{"start":{"line":13,"column":48},"end":{"line":17,"column":2}},"line":13},"2":{"name":"(anonymous_2)","decl":{"start":{"line":19,"column":1},"end":{"line":19,"column":2}},"loc":{"start":{"line":19,"column":39},"end":{"line":23,"column":2}},"line":19},"3":{"name":"(anonymous_3)","decl":{"start":{"line":25,"column":1},"end":{"line":25,"column":2}},"loc":{"start":{"line":25,"column":75},"end":{"line":32,"column":2}},"line":25},"4":{"name":"(anonymous_4)","decl":{"start":{"line":34,"column":1},"end":{"line":34,"column":2}},"loc":{"start":{"line":34,"column":24},"end":{"line":37,"column":2}},"line":34},"5":{"name":"(anonymous_5)","decl":{"start":{"line":39,"column":1},"end":{"line":39,"column":2}},"loc":{"start":{"line":39,"column":47},"end":{"line":50,"column":2}},"line":39},"6":{"name":"(anonymous_6)","decl":{"start":{"line":52,"column":1},"end":{"line":52,"column":2}},"loc":{"start":{"line":52,"column":38},"end":{"line":61,"column":2}},"line":52}},"branchMap":{"0":{"loc":{"start":{"line":14,"column":2},"end":{"line":14,"column":74}},"type":"if","locations":[{"start":{"line":14,"column":2},"end":{"line":14,"column":74}},{"start":{"line":14,"column":2},"end":{"line":14,"column":74}}],"line":14},"1":{"loc":{"start":{"line":14,"column":5},"end":{"line":14,"column":60}},"type":"binary-expr","locations":[{"start":{"line":14,"column":5},"end":{"line":14,"column":27}},{"start":{"line":14,"column":31},"end":{"line":14,"column":60}}],"line":14},"2":{"loc":{"start":{"line":15,"column":2},"end":{"line":15,"column":70}},"type":"if","locations":[{"start":{"line":15,"column":2},"end":{"line":15,"column":70}},{"start":{"line":15,"column":2},"end":{"line":15,"column":70}}],"line":15},"3":{"loc":{"start":{"line":15,"column":5},"end":{"line":15,"column":56}},"type":"binary-expr","locations":[{"start":{"line":15,"column":5},"end":{"line":15,"column":25}},{"start":{"line":15,"column":29},"end":{"line":15,"column":56}}],"line":15},"4":{"loc":{"start":{"line":21,"column":2},"end":{"line":21,"column":35}},"type":"if","locations":[{"start":{"line":21,"column":2},"end":{"line":21,"column":35}},{"start":{"line":21,"column":2},"end":{"line":21,"column":35}}],"line":21},"5":{"loc":{"start":{"line":26,"column":2},"end":{"line":26,"column":102}},"type":"if","locations":[{"start":{"line":26,"column":2},"end":{"line":26,"column":102}},{"start":{"line":26,"column":2},"end":{"line":26,"column":102}}],"line":26},"6":{"loc":{"start":{"line":27,"column":2},"end":{"line":27,"column":70}},"type":"if","locations":[{"start":{"line":27,"column":2},"end":{"line":27,"column":70}},{"start":{"line":27,"column":2},"end":{"line":27,"column":70}}],"line":27},"7":{"loc":{"start":{"line":29,"column":2},"end":{"line":29,"column":76}},"type":"if","locations":[{"start":{"line":29,"column":2},"end":{"line":29,"column":76}},{"start":{"line":29,"column":2},"end":{"line":29,"column":76}}],"line":29},"8":{"loc":{"start":{"line":41,"column":2},"end":{"line":41,"column":67}},"type":"if","locations":[{"start":{"line":41,"column":2},"end":{"line":41,"column":67}},{"start":{"line":41,"column":2},"end":{"line":41,"column":67}}],"line":41},"9":{"loc":{"start":{"line":43,"column":2},"end":{"line":43,"column":63}},"type":"if","locations":[{"start":{"line":43,"column":2},"end":{"line":43,"column":63}},{"start":{"line":43,"column":2},"end":{"line":43,"column":63}}],"line":43},"10":{"loc":{"start":{"line":45,"column":2},"end":{"line":45,"column":65}},"type":"if","locations":[{"start":{"line":45,"column":2},"end":{"line":45,"column":65}},{"start":{"line":45,"column":2},"end":{"line":45,"column":65}}],"line":45},"11":{"loc":{"start":{"line":47,"column":2},"end":{"line":47,"column":71}},"type":"if","locations":[{"start":{"line":47,"column":2},"end":{"line":47,"column":71}},{"start":{"line":47,"column":2},"end":{"line":47,"column":71}}],"line":47},"12":{"loc":{"start":{"line":54,"column":2},"end":{"line":54,"column":71}},"type":"if","locations":[{"start":{"line":54,"column":2},"end":{"line":54,"column":71}},{"start":{"line":54,"column":2},"end":{"line":54,"column":71}}],"line":54},"13":{"loc":{"start":{"line":56,"column":2},"end":{"line":56,"column":63}},"type":"if","locations":[{"start":{"line":56,"column":2},"end":{"line":56,"column":63}},{"start":{"line":56,"column":2},"end":{"line":56,"column":63}}],"line":56},"14":{"loc":{"start":{"line":58,"column":2},"end":{"line":58,"column":64}},"type":"if","locations":[{"start":{"line":58,"column":2},"end":{"line":58,"column":64}},{"start":{"line":58,"column":2},"end":{"line":58,"column":64}}],"line":58}},"s":{"0":3,"1":3,"2":21,"3":21,"4":21,"5":8,"6":2,"7":6,"8":2,"9":4,"10":2,"11":2,"12":1,"13":1,"14":8,"15":4,"16":4,"17":2,"18":2,"19":2,"20":1,"21":1,"22":1,"23":1,"24":1,"25":7,"26":7,"27":3,"28":4,"29":4,"30":1,"31":3,"32":3,"33":1,"34":2,"35":2,"36":1,"37":1,"38":1,"39":5,"40":5,"41":2,"42":3,"43":3,"44":1,"45":2,"46":2,"47":1,"48":1,"49":1,"50":3},"f":{"0":21,"1":8,"2":2,"3":8,"4":1,"5":7,"6":5},"b":{"0":[2,6],"1":[8,7],"2":[2,4],"3":[6,5],"4":[1,1],"5":[4,4],"6":[2,2],"7":[1,1],"8":[3,4],"9":[1,3],"10":[1,2],"11":[1,1],"12":[2,3],"13":[1,2],"14":[1,1]},"_coverageSchema":"43e27e138ebf9cfc5966b082cf9a028302ed4184","hash":"2e5da616710cde6abe6a6c565603c8d1f436b297"}
,"/Users/databunker/develop/Uni-3rd/SoftwareQuality/340CT-CourseWork/back-end/modules/order.js": {"path":"/Users/databunker/develop/Uni-3rd/SoftwareQuality/340CT-CourseWork/back-end/modules/order.js","statementMap":{"0":{"start":{"line":3,"column":51},"end":{"line":3,"column":80}},"1":{"start":{"line":7,"column":2},"end":{"line":7,"column":26}},"2":{"start":{"line":8,"column":2},"end":{"line":8,"column":54}},"3":{"start":{"line":13,"column":26},"end":{"line":13,"column":73}},"4":{"start":{"line":14,"column":2},"end":{"line":14,"column":67}},"5":{"start":{"line":14,"column":31},"end":{"line":14,"column":67}},"6":{"start":{"line":15,"column":2},"end":{"line":15,"column":74}},"7":{"start":{"line":15,"column":35},"end":{"line":15,"column":74}},"8":{"start":{"line":16,"column":15},"end":{"line":16,"column":25}},"9":{"start":{"line":17,"column":15},"end":{"line":17,"column":40}},"10":{"start":{"line":18,"column":18},"end":{"line":18,"column":43}},"11":{"start":{"line":19,"column":18},"end":{"line":19,"column":114}},"12":{"start":{"line":20,"column":19},"end":{"line":20,"column":59}},"13":{"start":{"line":21,"column":2},"end":{"line":21,"column":55}},"14":{"start":{"line":25,"column":2},"end":{"line":25,"column":105}},"15":{"start":{"line":25,"column":44},"end":{"line":25,"column":105}},"16":{"start":{"line":26,"column":24},"end":{"line":26,"column":77}},"17":{"start":{"line":27,"column":2},"end":{"line":27,"column":22}},"18":{"start":{"line":31,"column":2},"end":{"line":31,"column":106}},"19":{"start":{"line":31,"column":44},"end":{"line":31,"column":106}},"20":{"start":{"line":32,"column":2},"end":{"line":32,"column":98}},"21":{"start":{"line":32,"column":50},"end":{"line":32,"column":98}},"22":{"start":{"line":33,"column":16},"end":{"line":33,"column":61}},"23":{"start":{"line":34,"column":2},"end":{"line":37,"column":3}},"24":{"start":{"line":35,"column":3},"end":{"line":35,"column":84}},"25":{"start":{"line":36,"column":3},"end":{"line":36,"column":14}},"26":{"start":{"line":38,"column":2},"end":{"line":38,"column":14}},"27":{"start":{"line":42,"column":2},"end":{"line":42,"column":106}},"28":{"start":{"line":42,"column":44},"end":{"line":42,"column":106}},"29":{"start":{"line":43,"column":17},"end":{"line":43,"column":71}},"30":{"start":{"line":44,"column":2},"end":{"line":44,"column":37}},"31":{"start":{"line":44,"column":24},"end":{"line":44,"column":37}},"32":{"start":{"line":45,"column":2},"end":{"line":45,"column":14}},"33":{"start":{"line":49,"column":26},"end":{"line":49,"column":58}},"34":{"start":{"line":50,"column":24},"end":{"line":50,"column":54}},"35":{"start":{"line":51,"column":15},"end":{"line":51,"column":46}},"36":{"start":{"line":52,"column":2},"end":{"line":52,"column":70}},"37":{"start":{"line":52,"column":31},"end":{"line":52,"column":70}},"38":{"start":{"line":53,"column":2},"end":{"line":53,"column":64}},"39":{"start":{"line":53,"column":29},"end":{"line":53,"column":64}},"40":{"start":{"line":54,"column":2},"end":{"line":54,"column":84}},"41":{"start":{"line":54,"column":29},"end":{"line":54,"column":84}},"42":{"start":{"line":55,"column":17},"end":{"line":55,"column":67}},"43":{"start":{"line":56,"column":2},"end":{"line":56,"column":15}},"44":{"start":{"line":60,"column":0},"end":{"line":60,"column":22}}},"fnMap":{"0":{"name":"(anonymous_0)","decl":{"start":{"line":6,"column":1},"end":{"line":6,"column":2}},"loc":{"start":{"line":6,"column":23},"end":{"line":9,"column":2}},"line":6},"1":{"name":"(anonymous_1)","decl":{"start":{"line":12,"column":1},"end":{"line":12,"column":2}},"loc":{"start":{"line":12,"column":52},"end":{"line":22,"column":2}},"line":12},"2":{"name":"(anonymous_2)","decl":{"start":{"line":24,"column":1},"end":{"line":24,"column":2}},"loc":{"start":{"line":24,"column":33},"end":{"line":28,"column":2}},"line":24},"3":{"name":"(anonymous_3)","decl":{"start":{"line":30,"column":1},"end":{"line":30,"column":2}},"loc":{"start":{"line":30,"column":50},"end":{"line":39,"column":2}},"line":30},"4":{"name":"(anonymous_4)","decl":{"start":{"line":41,"column":1},"end":{"line":41,"column":2}},"loc":{"start":{"line":41,"column":31},"end":{"line":46,"column":2}},"line":41},"5":{"name":"(anonymous_5)","decl":{"start":{"line":48,"column":1},"end":{"line":48,"column":2}},"loc":{"start":{"line":48,"column":34},"end":{"line":57,"column":2}},"line":48}},"branchMap":{"0":{"loc":{"start":{"line":14,"column":2},"end":{"line":14,"column":67}},"type":"if","locations":[{"start":{"line":14,"column":2},"end":{"line":14,"column":67}},{"start":{"line":14,"column":2},"end":{"line":14,"column":67}}],"line":14},"1":{"loc":{"start":{"line":15,"column":2},"end":{"line":15,"column":74}},"type":"if","locations":[{"start":{"line":15,"column":2},"end":{"line":15,"column":74}},{"start":{"line":15,"column":2},"end":{"line":15,"column":74}}],"line":15},"2":{"loc":{"start":{"line":25,"column":2},"end":{"line":25,"column":105}},"type":"if","locations":[{"start":{"line":25,"column":2},"end":{"line":25,"column":105}},{"start":{"line":25,"column":2},"end":{"line":25,"column":105}}],"line":25},"3":{"loc":{"start":{"line":31,"column":2},"end":{"line":31,"column":106}},"type":"if","locations":[{"start":{"line":31,"column":2},"end":{"line":31,"column":106}},{"start":{"line":31,"column":2},"end":{"line":31,"column":106}}],"line":31},"4":{"loc":{"start":{"line":32,"column":2},"end":{"line":32,"column":98}},"type":"if","locations":[{"start":{"line":32,"column":2},"end":{"line":32,"column":98}},{"start":{"line":32,"column":2},"end":{"line":32,"column":98}}],"line":32},"5":{"loc":{"start":{"line":32,"column":5},"end":{"line":32,"column":48}},"type":"binary-expr","locations":[{"start":{"line":32,"column":5},"end":{"line":32,"column":26}},{"start":{"line":32,"column":30},"end":{"line":32,"column":48}}],"line":32},"6":{"loc":{"start":{"line":34,"column":2},"end":{"line":37,"column":3}},"type":"if","locations":[{"start":{"line":34,"column":2},"end":{"line":37,"column":3}},{"start":{"line":34,"column":2},"end":{"line":37,"column":3}}],"line":34},"7":{"loc":{"start":{"line":42,"column":2},"end":{"line":42,"column":106}},"type":"if","locations":[{"start":{"line":42,"column":2},"end":{"line":42,"column":106}},{"start":{"line":42,"column":2},"end":{"line":42,"column":106}}],"line":42},"8":{"loc":{"start":{"line":44,"column":2},"end":{"line":44,"column":37}},"type":"if","locations":[{"start":{"line":44,"column":2},"end":{"line":44,"column":37}},{"start":{"line":44,"column":2},"end":{"line":44,"column":37}}],"line":44},"9":{"loc":{"start":{"line":52,"column":2},"end":{"line":52,"column":70}},"type":"if","locations":[{"start":{"line":52,"column":2},"end":{"line":52,"column":70}},{"start":{"line":52,"column":2},"end":{"line":52,"column":70}}],"line":52},"10":{"loc":{"start":{"line":53,"column":2},"end":{"line":53,"column":64}},"type":"if","locations":[{"start":{"line":53,"column":2},"end":{"line":53,"column":64}},{"start":{"line":53,"column":2},"end":{"line":53,"column":64}}],"line":53},"11":{"loc":{"start":{"line":54,"column":2},"end":{"line":54,"column":84}},"type":"if","locations":[{"start":{"line":54,"column":2},"end":{"line":54,"column":84}},{"start":{"line":54,"column":2},"end":{"line":54,"column":84}}],"line":54}},"s":{"0":2,"1":18,"2":18,"3":4,"4":4,"5":2,"6":2,"7":1,"8":1,"9":1,"10":1,"11":1,"12":1,"13":1,"14":2,"15":1,"16":1,"17":1,"18":5,"19":1,"20":4,"21":2,"22":2,"23":2,"24":1,"25":1,"26":1,"27":3,"28":1,"29":2,"30":2,"31":1,"32":1,"33":4,"34":4,"35":4,"36":4,"37":1,"38":3,"39":1,"40":2,"41":1,"42":1,"43":1,"44":2},"f":{"0":18,"1":4,"2":2,"3":5,"4":3,"5":4},"b":{"0":[2,2],"1":[1,1],"2":[1,1],"3":[1,4],"4":[2,2],"5":[4,3],"6":[1,1],"7":[1,2],"8":[1,1],"9":[1,3],"10":[1,2],"11":[1,1]},"_coverageSchema":"43e27e138ebf9cfc5966b082cf9a028302ed4184","hash":"d0ffd8771f41a179c9ab408e05c2239e180023ba"}
,"/Users/databunker/develop/Uni-3rd/SoftwareQuality/340CT-CourseWork/back-end/modules/staff.js": {"path":"/Users/databunker/develop/Uni-3rd/SoftwareQuality/340CT-CourseWork/back-end/modules/staff.js","statementMap":{"0":{"start":{"line":4,"column":15},"end":{"line":4,"column":40}},"1":{"start":{"line":5,"column":19},"end":{"line":5,"column":21}},"2":{"start":{"line":6,"column":26},"end":{"line":6,"column":27}},"3":{"start":{"line":7,"column":51},"end":{"line":7,"column":80}},"4":{"start":{"line":11,"column":2},"end":{"line":11,"column":26}},"5":{"start":{"line":12,"column":2},"end":{"line":12,"column":48}},"6":{"start":{"line":17,"column":2},"end":{"line":19,"column":3}},"7":{"start":{"line":18,"column":3},"end":{"line":18,"column":14}},"8":{"start":{"line":20,"column":2},"end":{"line":20,"column":14}},"9":{"start":{"line":25,"column":22},"end":{"line":25,"column":70}},"10":{"start":{"line":26,"column":25},"end":{"line":26,"column":76}},"11":{"start":{"line":27,"column":2},"end":{"line":27,"column":60}},"12":{"start":{"line":27,"column":30},"end":{"line":27,"column":60}},"13":{"start":{"line":28,"column":2},"end":{"line":28,"column":74}},"14":{"start":{"line":28,"column":42},"end":{"line":28,"column":74}},"15":{"start":{"line":29,"column":2},"end":{"line":29,"column":79}},"16":{"start":{"line":29,"column":45},"end":{"line":29,"column":79}},"17":{"start":{"line":30,"column":23},"end":{"line":30,"column":74}},"18":{"start":{"line":31,"column":2},"end":{"line":31,"column":65}},"19":{"start":{"line":31,"column":28},"end":{"line":31,"column":65}},"20":{"start":{"line":32,"column":25},"end":{"line":32,"column":64}},"21":{"start":{"line":33,"column":22},"end":{"line":33,"column":24}},"22":{"start":{"line":34,"column":2},"end":{"line":34,"column":92}},"23":{"start":{"line":35,"column":2},"end":{"line":35,"column":13}},"24":{"start":{"line":39,"column":2},"end":{"line":39,"column":85}},"25":{"start":{"line":39,"column":55},"end":{"line":39,"column":85}},"26":{"start":{"line":40,"column":15},"end":{"line":40,"column":56}},"27":{"start":{"line":41,"column":2},"end":{"line":41,"column":48}},"28":{"start":{"line":41,"column":20},"end":{"line":41,"column":48}},"29":{"start":{"line":42,"column":17},"end":{"line":42,"column":68}},"30":{"start":{"line":43,"column":20},"end":{"line":43,"column":51}},"31":{"start":{"line":44,"column":20},"end":{"line":44,"column":51}},"32":{"start":{"line":45,"column":23},"end":{"line":45,"column":47}},"33":{"start":{"line":46,"column":22},"end":{"line":46,"column":36}},"34":{"start":{"line":47,"column":2},"end":{"line":47,"column":88}},"35":{"start":{"line":48,"column":2},"end":{"line":48,"column":15}},"36":{"start":{"line":52,"column":26},"end":{"line":52,"column":56}},"37":{"start":{"line":53,"column":24},"end":{"line":53,"column":52}},"38":{"start":{"line":54,"column":2},"end":{"line":54,"column":69}},"39":{"start":{"line":54,"column":31},"end":{"line":54,"column":69}},"40":{"start":{"line":55,"column":2},"end":{"line":55,"column":65}},"41":{"start":{"line":55,"column":29},"end":{"line":55,"column":65}},"42":{"start":{"line":56,"column":17},"end":{"line":56,"column":68}},"43":{"start":{"line":57,"column":2},"end":{"line":57,"column":66}},"44":{"start":{"line":57,"column":22},"end":{"line":57,"column":66}},"45":{"start":{"line":58,"column":23},"end":{"line":58,"column":41}},"46":{"start":{"line":59,"column":2},"end":{"line":59,"column":21}},"47":{"start":{"line":64,"column":2},"end":{"line":75,"column":3}},"48":{"start":{"line":65,"column":3},"end":{"line":74,"column":4}},"49":{"start":{"line":66,"column":23},"end":{"line":66,"column":54}},"50":{"start":{"line":67,"column":23},"end":{"line":67,"column":54}},"51":{"start":{"line":68,"column":24},"end":{"line":68,"column":49}},"52":{"start":{"line":69,"column":18},"end":{"line":69,"column":40}},"53":{"start":{"line":70,"column":18},"end":{"line":70,"column":20}},"54":{"start":{"line":71,"column":4},"end":{"line":71,"column":97}},"55":{"start":{"line":72,"column":4},"end":{"line":72,"column":76}},"56":{"start":{"line":73,"column":4},"end":{"line":73,"column":15}},"57":{"start":{"line":76,"column":2},"end":{"line":76,"column":14}},"58":{"start":{"line":80,"column":26},"end":{"line":80,"column":56}},"59":{"start":{"line":81,"column":24},"end":{"line":81,"column":52}},"60":{"start":{"line":82,"column":2},"end":{"line":82,"column":69}},"61":{"start":{"line":82,"column":31},"end":{"line":82,"column":69}},"62":{"start":{"line":83,"column":2},"end":{"line":83,"column":65}},"63":{"start":{"line":83,"column":29},"end":{"line":83,"column":65}},"64":{"start":{"line":84,"column":17},"end":{"line":84,"column":68}},"65":{"start":{"line":85,"column":2},"end":{"line":85,"column":66}},"66":{"start":{"line":85,"column":22},"end":{"line":85,"column":66}},"67":{"start":{"line":86,"column":30},"end":{"line":86,"column":66}},"68":{"start":{"line":87,"column":2},"end":{"line":87,"column":28}},"69":{"start":{"line":91,"column":2},"end":{"line":91,"column":79}},"70":{"start":{"line":91,"column":48},"end":{"line":91,"column":79}},"71":{"start":{"line":92,"column":16},"end":{"line":92,"column":67}},"72":{"start":{"line":93,"column":2},"end":{"line":93,"column":78}},"73":{"start":{"line":93,"column":21},"end":{"line":93,"column":78}},"74":{"start":{"line":94,"column":18},"end":{"line":94,"column":92}},"75":{"start":{"line":95,"column":2},"end":{"line":95,"column":16}},"76":{"start":{"line":99,"column":2},"end":{"line":99,"column":95}},"77":{"start":{"line":99,"column":60},"end":{"line":99,"column":95}},"78":{"start":{"line":100,"column":17},"end":{"line":100,"column":58}},"79":{"start":{"line":101,"column":2},"end":{"line":101,"column":57}},"80":{"start":{"line":101,"column":23},"end":{"line":101,"column":57}},"81":{"start":{"line":102,"column":2},"end":{"line":102,"column":26}},"82":{"start":{"line":106,"column":0},"end":{"line":106,"column":22}}},"fnMap":{"0":{"name":"(anonymous_0)","decl":{"start":{"line":10,"column":1},"end":{"line":10,"column":2}},"loc":{"start":{"line":10,"column":23},"end":{"line":13,"column":2}},"line":10},"1":{"name":"(anonymous_1)","decl":{"start":{"line":16,"column":1},"end":{"line":16,"column":2}},"loc":{"start":{"line":16,"column":48},"end":{"line":21,"column":2}},"line":16},"2":{"name":"(anonymous_2)","decl":{"start":{"line":24,"column":1},"end":{"line":24,"column":2}},"loc":{"start":{"line":24,"column":58},"end":{"line":36,"column":2}},"line":24},"3":{"name":"(anonymous_3)","decl":{"start":{"line":38,"column":1},"end":{"line":38,"column":2}},"loc":{"start":{"line":38,"column":33},"end":{"line":49,"column":2}},"line":38},"4":{"name":"(anonymous_4)","decl":{"start":{"line":51,"column":1},"end":{"line":51,"column":2}},"loc":{"start":{"line":51,"column":30},"end":{"line":60,"column":2}},"line":51},"5":{"name":"(anonymous_5)","decl":{"start":{"line":62,"column":1},"end":{"line":62,"column":2}},"loc":{"start":{"line":62,"column":33},"end":{"line":77,"column":2}},"line":62},"6":{"name":"(anonymous_6)","decl":{"start":{"line":79,"column":1},"end":{"line":79,"column":2}},"loc":{"start":{"line":79,"column":37},"end":{"line":88,"column":2}},"line":79},"7":{"name":"(anonymous_7)","decl":{"start":{"line":90,"column":1},"end":{"line":90,"column":2}},"loc":{"start":{"line":90,"column":37},"end":{"line":96,"column":2}},"line":90},"8":{"name":"(anonymous_8)","decl":{"start":{"line":98,"column":1},"end":{"line":98,"column":2}},"loc":{"start":{"line":98,"column":34},"end":{"line":103,"column":2}},"line":98}},"branchMap":{"0":{"loc":{"start":{"line":17,"column":2},"end":{"line":19,"column":3}},"type":"if","locations":[{"start":{"line":17,"column":2},"end":{"line":19,"column":3}},{"start":{"line":17,"column":2},"end":{"line":19,"column":3}}],"line":17},"1":{"loc":{"start":{"line":17,"column":5},"end":{"line":17,"column":75}},"type":"binary-expr","locations":[{"start":{"line":17,"column":5},"end":{"line":17,"column":27}},{"start":{"line":17,"column":31},"end":{"line":17,"column":53}},{"start":{"line":17,"column":57},"end":{"line":17,"column":75}}],"line":17},"2":{"loc":{"start":{"line":27,"column":2},"end":{"line":27,"column":60}},"type":"if","locations":[{"start":{"line":27,"column":2},"end":{"line":27,"column":60}},{"start":{"line":27,"column":2},"end":{"line":27,"column":60}}],"line":27},"3":{"loc":{"start":{"line":28,"column":2},"end":{"line":28,"column":74}},"type":"if","locations":[{"start":{"line":28,"column":2},"end":{"line":28,"column":74}},{"start":{"line":28,"column":2},"end":{"line":28,"column":74}}],"line":28},"4":{"loc":{"start":{"line":29,"column":2},"end":{"line":29,"column":79}},"type":"if","locations":[{"start":{"line":29,"column":2},"end":{"line":29,"column":79}},{"start":{"line":29,"column":2},"end":{"line":29,"column":79}}],"line":29},"5":{"loc":{"start":{"line":31,"column":2},"end":{"line":31,"column":65}},"type":"if","locations":[{"start":{"line":31,"column":2},"end":{"line":31,"column":65}},{"start":{"line":31,"column":2},"end":{"line":31,"column":65}}],"line":31},"6":{"loc":{"start":{"line":39,"column":2},"end":{"line":39,"column":85}},"type":"if","locations":[{"start":{"line":39,"column":2},"end":{"line":39,"column":85}},{"start":{"line":39,"column":2},"end":{"line":39,"column":85}}],"line":39},"7":{"loc":{"start":{"line":39,"column":5},"end":{"line":39,"column":53}},"type":"binary-expr","locations":[{"start":{"line":39,"column":5},"end":{"line":39,"column":27}},{"start":{"line":39,"column":31},"end":{"line":39,"column":53}}],"line":39},"8":{"loc":{"start":{"line":41,"column":2},"end":{"line":41,"column":48}},"type":"if","locations":[{"start":{"line":41,"column":2},"end":{"line":41,"column":48}},{"start":{"line":41,"column":2},"end":{"line":41,"column":48}}],"line":41},"9":{"loc":{"start":{"line":54,"column":2},"end":{"line":54,"column":69}},"type":"if","locations":[{"start":{"line":54,"column":2},"end":{"line":54,"column":69}},{"start":{"line":54,"column":2},"end":{"line":54,"column":69}}],"line":54},"10":{"loc":{"start":{"line":55,"column":2},"end":{"line":55,"column":65}},"type":"if","locations":[{"start":{"line":55,"column":2},"end":{"line":55,"column":65}},{"start":{"line":55,"column":2},"end":{"line":55,"column":65}}],"line":55},"11":{"loc":{"start":{"line":57,"column":2},"end":{"line":57,"column":66}},"type":"if","locations":[{"start":{"line":57,"column":2},"end":{"line":57,"column":66}},{"start":{"line":57,"column":2},"end":{"line":57,"column":66}}],"line":57},"12":{"loc":{"start":{"line":65,"column":3},"end":{"line":74,"column":4}},"type":"if","locations":[{"start":{"line":65,"column":3},"end":{"line":74,"column":4}},{"start":{"line":65,"column":3},"end":{"line":74,"column":4}}],"line":65},"13":{"loc":{"start":{"line":82,"column":2},"end":{"line":82,"column":69}},"type":"if","locations":[{"start":{"line":82,"column":2},"end":{"line":82,"column":69}},{"start":{"line":82,"column":2},"end":{"line":82,"column":69}}],"line":82},"14":{"loc":{"start":{"line":83,"column":2},"end":{"line":83,"column":65}},"type":"if","locations":[{"start":{"line":83,"column":2},"end":{"line":83,"column":65}},{"start":{"line":83,"column":2},"end":{"line":83,"column":65}}],"line":83},"15":{"loc":{"start":{"line":85,"column":2},"end":{"line":85,"column":66}},"type":"if","locations":[{"start":{"line":85,"column":2},"end":{"line":85,"column":66}},{"start":{"line":85,"column":2},"end":{"line":85,"column":66}}],"line":85},"16":{"loc":{"start":{"line":91,"column":2},"end":{"line":91,"column":79}},"type":"if","locations":[{"start":{"line":91,"column":2},"end":{"line":91,"column":79}},{"start":{"line":91,"column":2},"end":{"line":91,"column":79}}],"line":91},"17":{"loc":{"start":{"line":91,"column":5},"end":{"line":91,"column":46}},"type":"binary-expr","locations":[{"start":{"line":91,"column":5},"end":{"line":91,"column":27}},{"start":{"line":91,"column":31},"end":{"line":91,"column":46}}],"line":91},"18":{"loc":{"start":{"line":93,"column":2},"end":{"line":93,"column":78}},"type":"if","locations":[{"start":{"line":93,"column":2},"end":{"line":93,"column":78}},{"start":{"line":93,"column":2},"end":{"line":93,"column":78}}],"line":93},"19":{"loc":{"start":{"line":99,"column":2},"end":{"line":99,"column":95}},"type":"if","locations":[{"start":{"line":99,"column":2},"end":{"line":99,"column":95}},{"start":{"line":99,"column":2},"end":{"line":99,"column":95}}],"line":99},"20":{"loc":{"start":{"line":99,"column":5},"end":{"line":99,"column":58}},"type":"binary-expr","locations":[{"start":{"line":99,"column":5},"end":{"line":99,"column":25}},{"start":{"line":99,"column":29},"end":{"line":99,"column":58}}],"line":99},"21":{"loc":{"start":{"line":101,"column":2},"end":{"line":101,"column":57}},"type":"if","locations":[{"start":{"line":101,"column":2},"end":{"line":101,"column":57}},{"start":{"line":101,"column":2},"end":{"line":101,"column":57}}],"line":101}},"s":{"0":5,"1":5,"2":5,"3":5,"4":28,"5":28,"6":7,"7":3,"8":4,"9":7,"10":7,"11":7,"12":3,"13":4,"14":1,"15":3,"16":1,"17":2,"18":2,"19":1,"20":1,"21":1,"22":1,"23":1,"24":4,"25":2,"26":2,"27":2,"28":1,"29":1,"30":1,"31":1,"32":1,"33":1,"34":1,"35":1,"36":4,"37":4,"38":4,"39":1,"40":3,"41":1,"42":2,"43":2,"44":1,"45":1,"46":1,"47":3,"48":2,"49":2,"50":2,"51":2,"52":2,"53":2,"54":2,"55":2,"56":2,"57":1,"58":5,"59":5,"60":5,"61":1,"62":4,"63":1,"64":3,"65":3,"66":1,"67":2,"68":2,"69":4,"70":2,"71":2,"72":2,"73":1,"74":1,"75":1,"76":3,"77":1,"78":2,"79":2,"80":1,"81":1,"82":5},"f":{"0":28,"1":7,"2":7,"3":4,"4":4,"5":3,"6":5,"7":4,"8":3},"b":{"0":[3,4],"1":[7,6,5],"2":[3,4],"3":[1,3],"4":[1,2],"5":[1,1],"6":[2,2],"7":[4,3],"8":[1,1],"9":[1,3],"10":[1,2],"11":[1,1],"12":[2,0],"13":[1,4],"14":[1,3],"15":[1,2],"16":[2,2],"17":[4,3],"18":[1,1],"19":[1,2],"20":[3,2],"21":[1,1]},"_coverageSchema":"43e27e138ebf9cfc5966b082cf9a028302ed4184","hash":"fce88ddf614951621f3b48cc1420dcf9ef11bafc"}
}
