TN:
SF:/Users/databunker/develop/Uni-3rd/SoftwareQuality/340CT-CourseWork/sareenv/modules/order.js
FN:4,(anonymous_0)
FN:9,(anonymous_1)
FN:19,(anonymous_2)
FN:25,(anonymous_3)
FNF:4
FNH:4
FNDA:11,(anonymous_0)
FNDA:4,(anonymous_1)
FNDA:2,(anonymous_2)
FNDA:5,(anonymous_3)
DA:5,11
DA:6,11
DA:10,4
DA:11,3
DA:12,2
DA:13,1
DA:14,1
DA:15,1
DA:16,1
DA:20,2
DA:21,1
DA:22,1
DA:26,5
DA:27,4
DA:28,2
DA:29,2
DA:30,2
DA:31,1
DA:32,1
DA:34,1
DA:38,2
LF:21
LH:21
BRDA:10,0,0,1
BRDA:10,0,1,3
BRDA:11,1,0,1
BRDA:11,1,1,2
BRDA:12,2,0,1
BRDA:12,2,1,1
BRDA:20,3,0,1
BRDA:20,3,1,1
BRDA:26,4,0,1
BRDA:26,4,1,4
BRDA:27,5,0,2
BRDA:27,5,1,2
BRDA:27,6,0,4
BRDA:27,6,1,3
BRDA:30,7,0,1
BRDA:30,7,1,1
BRF:16
BRH:16
end_of_record
TN:
SF:/Users/databunker/develop/Uni-3rd/SoftwareQuality/340CT-CourseWork/sareenv/modules/staff.js
FN:9,(anonymous_0)
FN:14,(anonymous_1)
FN:22,(anonymous_2)
FN:35,(anonymous_3)
FN:43,(anonymous_4)
FN:50,(anonymous_5)
FNF:6
FNH:1
FNDA:14,(anonymous_0)
FNDA:0,(anonymous_1)
FNDA:0,(anonymous_2)
FNDA:0,(anonymous_3)
FNDA:0,(anonymous_4)
FNDA:0,(anonymous_5)
DA:4,2
DA:5,2
DA:6,2
DA:10,14
DA:11,14
DA:15,0
DA:16,0
DA:18,0
DA:23,0
DA:24,0
DA:25,0
DA:26,0
DA:27,0
DA:28,0
DA:29,0
DA:30,0
DA:31,0
DA:32,0
DA:36,0
DA:37,0
DA:38,0
DA:39,0
DA:40,0
DA:44,0
DA:45,0
DA:46,0
DA:47,0
DA:51,0
DA:52,0
DA:53,0
DA:54,0
DA:59,2
LF:32
LH:6
BRDA:15,0,0,0
BRDA:15,0,1,0
BRDA:15,1,0,0
BRDA:15,1,1,0
BRDA:15,1,2,0
BRDA:25,2,0,0
BRDA:25,2,1,0
BRDA:26,3,0,0
BRDA:26,3,1,0
BRDA:27,4,0,0
BRDA:27,4,1,0
BRDA:29,5,0,0
BRDA:29,5,1,0
BRDA:36,6,0,0
BRDA:36,6,1,0
BRDA:36,7,0,0
BRDA:36,7,1,0
BRDA:38,8,0,0
BRDA:38,8,1,0
BRDA:44,9,0,0
BRDA:44,9,1,0
BRDA:44,10,0,0
BRDA:44,10,1,0
BRDA:46,11,0,0
BRDA:46,11,1,0
BRDA:51,12,0,0
BRDA:51,12,1,0
BRDA:51,13,0,0
BRDA:51,13,1,0
BRDA:53,14,0,0
BRDA:53,14,1,0
BRF:31
BRH:0
end_of_record
