TN:
SF:/Users/databunker/develop/Uni-3rd/SoftwareQuality/340CT-CourseWork/sareenv/modules/order.js
FN:4,(anonymous_0)
FN:9,(anonymous_1)
FN:19,(anonymous_2)
FN:25,(anonymous_3)
FNF:4
FNH:4
FNDA:11,(anonymous_0)
FNDA:4,(anonymous_1)
FNDA:2,(anonymous_2)
FNDA:5,(anonymous_3)
DA:5,11
DA:6,11
DA:10,4
DA:11,3
DA:12,2
DA:13,1
DA:14,1
DA:15,1
DA:16,0
DA:20,2
DA:21,1
DA:22,1
DA:26,5
DA:27,4
DA:28,2
DA:29,2
DA:30,2
DA:31,1
DA:32,1
DA:34,1
DA:38,2
LF:21
LH:20
BRDA:10,0,0,1
BRDA:10,0,1,3
BRDA:11,1,0,1
BRDA:11,1,1,2
BRDA:12,2,0,1
BRDA:12,2,1,1
BRDA:20,3,0,1
BRDA:20,3,1,1
BRDA:26,4,0,1
BRDA:26,4,1,4
BRDA:27,5,0,2
BRDA:27,5,1,2
BRDA:27,6,0,4
BRDA:27,6,1,3
BRDA:30,7,0,1
BRDA:30,7,1,1
BRF:16
BRH:16
end_of_record
TN:
SF:/Users/databunker/develop/Uni-3rd/SoftwareQuality/340CT-CourseWork/sareenv/modules/staff.js
FN:9,(anonymous_0)
FN:14,(anonymous_1)
FN:22,(anonymous_2)
FN:35,(anonymous_3)
FN:43,(anonymous_4)
FN:50,(anonymous_5)
FNF:6
FNH:5
FNDA:14,(anonymous_0)
FNDA:7,(anonymous_1)
FNDA:7,(anonymous_2)
FNDA:4,(anonymous_3)
FNDA:0,(anonymous_4)
FNDA:3,(anonymous_5)
DA:4,2
DA:5,2
DA:6,2
DA:10,14
DA:11,14
DA:15,7
DA:16,3
DA:18,4
DA:23,7
DA:24,7
DA:25,7
DA:26,4
DA:27,3
DA:28,2
DA:29,2
DA:30,1
DA:31,1
DA:32,1
DA:36,4
DA:37,2
DA:38,2
DA:39,1
DA:40,1
DA:44,0
DA:45,0
DA:46,0
DA:47,0
DA:51,3
DA:52,2
DA:53,2
DA:54,1
DA:59,2
LF:32
LH:28
BRDA:15,0,0,3
BRDA:15,0,1,4
BRDA:15,1,0,7
BRDA:15,1,1,6
BRDA:15,1,2,5
BRDA:25,2,0,3
BRDA:25,2,1,4
BRDA:26,3,0,1
BRDA:26,3,1,3
BRDA:27,4,0,1
BRDA:27,4,1,2
BRDA:29,5,0,1
BRDA:29,5,1,1
BRDA:36,6,0,2
BRDA:36,6,1,2
BRDA:36,7,0,4
BRDA:36,7,1,3
BRDA:38,8,0,1
BRDA:38,8,1,1
BRDA:44,9,0,0
BRDA:44,9,1,0
BRDA:44,10,0,0
BRDA:44,10,1,0
BRDA:46,11,0,0
BRDA:46,11,1,0
BRDA:51,12,0,1
BRDA:51,12,1,2
BRDA:51,13,0,3
BRDA:51,13,1,2
BRDA:53,14,0,1
BRDA:53,14,1,1
BRF:31
BRH:25
end_of_record
